Using pre-set license
Built from '2020.2/release' branch; Version is '2020.2.1f1 (270dd8c3da1c) revision 2559448'; Using compiler version '192528614'; Build Type 'Release'
OS: 'Windows 10  (10.0.0) 64bit' Language: 'en' Physical Memory: 16334 MB
BatchMode: 1, IsHumanControllingUs: 0, StartBugReporterOnCrash: 0, Is64bit: 1, IsPro: 0

 COMMAND LINE ARGUMENTS:
C:\Program Files\Unity\Hub\Editor\2020.2.1f1\Editor\Unity.exe
-adb2
-batchMode
-noUpm
-name
AssetImportWorker0
-projectPath
C:/Users/szwed/Desktop/ALGOLEARN_Project/ALGOLEARN_Project
-logFile
Logs/AssetImportWorker0.log
-srvPort
51148
Successfully changed project path to: C:/Users/szwed/Desktop/ALGOLEARN_Project/ALGOLEARN_Project
C:/Users/szwed/Desktop/ALGOLEARN_Project/ALGOLEARN_Project
Using Asset Import Pipeline V2.
Refreshing native plugins compatible for Editor in 21.17 ms, found 0 plugins.
Preloading 0 native plugins for Editor in 0.00 ms.
Initialize engine version: 2020.2.1f1 (270dd8c3da1c)
[Subsystems] Discovering subsystems at path C:/Program Files/Unity/Hub/Editor/2020.2.1f1/Editor/Data/Resources/UnitySubsystems
[Subsystems] Discovering subsystems at path C:/Users/szwed/Desktop/ALGOLEARN_Project/ALGOLEARN_Project/Assets
GfxDevice: creating device client; threaded=0
Direct3D:
    Version:  Direct3D 11.0 [level 11.1]
    Renderer: Radeon RX 570 Series (ID=0x67df)
    Vendor:   
    VRAM:     8171 MB
    Driver:   27.20.14501.18003
Initialize mono
Mono path[0] = 'C:/Program Files/Unity/Hub/Editor/2020.2.1f1/Editor/Data/Managed'
Mono path[1] = 'C:/Program Files/Unity/Hub/Editor/2020.2.1f1/Editor/Data/MonoBleedingEdge/lib/mono/unityjit'
Mono config path = 'C:/Program Files/Unity/Hub/Editor/2020.2.1f1/Editor/Data/MonoBleedingEdge/etc'
Using monoOptions --debugger-agent=transport=dt_socket,embedding=1,server=y,suspend=n,address=127.0.0.1:56436
Begin MonoManager ReloadAssembly
Registering precompiled unity dll's ...
Register platform support module: C:/Program Files/Unity/Hub/Editor/2020.2.1f1/Editor/Data/PlaybackEngines/WindowsStandaloneSupport/UnityEditor.WindowsStandalone.Extensions.dll
Registered in 0.001805 seconds.
Native extension for WindowsStandalone target not found
Refreshing native plugins compatible for Editor in 21.68 ms, found 0 plugins.
Preloading 0 native plugins for Editor in 0.00 ms.
Invoked RoslynAnalysisRunner static constructor.
RoslynAnalysisRunner will not be running.
RoslynAnalysisRunner has terminated.
Mono: successfully reloaded assembly
- Completed reload, in  1.158 seconds
Platform modules already initialized, skipping
Registering precompiled user dll's ...
Registered in 0.000668 seconds.
Begin MonoManager ReloadAssembly
Native extension for WindowsStandalone target not found
Refreshing native plugins compatible for Editor in 0.21 ms, found 0 plugins.
Preloading 0 native plugins for Editor in 0.00 ms.
Invoked RoslynAnalysisRunner static constructor.
RoslynAnalysisRunner will not be running.
RoslynAnalysisRunner has terminated.
Mono: successfully reloaded assembly
- Completed reload, in  0.729 seconds
Platform modules already initialized, skipping
========================================================================
Worker process is ready to serve import requests
Launched and connected shader compiler UnityShaderCompiler.exe after 0.04 seconds
Refreshing native plugins compatible for Editor in 0.21 ms, found 0 plugins.
Preloading 0 native plugins for Editor in 0.00 ms.
Unloading 1119 Unused Serialized files (Serialized files now loaded: 0)
System memory in use before: 69.5 MB.
System memory in use after: 69.5 MB.

Unloading 9 unused Assets to reduce memory usage. Loaded Objects now: 1579.
Total: 1.446800 ms (FindLiveObjects: 0.144300 ms CreateObjectMapping: 0.028500 ms MarkObjects: 1.215700 ms  DeleteObjects: 0.057500 ms)

========================================================================
Received Import Request.
  path: Assets/Scripts/TutorialScripts/MazeTutorialScripts.cs
  artifactKey: Guid(cd84481eb18a587479a227b1cd01fb1c) Importer(815301076,1909f56bfc062723c751e8b465ee728b)
Start importing Assets/Scripts/TutorialScripts/MazeTutorialScripts.cs using Guid(cd84481eb18a587479a227b1cd01fb1c) Importer(815301076,1909f56bfc062723c751e8b465ee728b)  -> (artifact id: '9e4d7920939f0d4cb962d676388e5dab') in 0.173262 seconds
  Import took 0.200474 seconds .

========================================================================
Received Import Request.
  Time since last request: 0.000189 seconds.
  path: Assets/Scripts/TutorialScripts/MazeAlgorithmTutorial.cs
  artifactKey: Guid(b4f8a64d9f1d47c419c94313757a961e) Importer(815301076,1909f56bfc062723c751e8b465ee728b)
Start importing Assets/Scripts/TutorialScripts/MazeAlgorithmTutorial.cs using Guid(b4f8a64d9f1d47c419c94313757a961e) Importer(815301076,1909f56bfc062723c751e8b465ee728b)  -> (artifact id: '07a3ce57045900d4b094519f2b094c5f') in 0.002684 seconds
  Import took 0.004103 seconds .

========================================================================
Received Prepare
Refreshing native plugins compatible for Editor in 0.75 ms, found 0 plugins.
Preloading 0 native plugins for Editor in 0.00 ms.
Unloading 3 Unused Serialized files (Serialized files now loaded: 0)
System memory in use before: 47.6 MB.
System memory in use after: 47.7 MB.

Unloading 2 unused Assets to reduce memory usage. Loaded Objects now: 1580.
Total: 1.630900 ms (FindLiveObjects: 0.156000 ms CreateObjectMapping: 0.024100 ms MarkObjects: 1.441200 ms  DeleteObjects: 0.008600 ms)

========================================================================
Received Import Request.
  Time since last request: 38.497106 seconds.
  path: Assets/Scripts/TutorialScripts/PannelTransition.cs
  artifactKey: Guid(fc15414888b4029468e99cc94e2b0a07) Importer(815301076,1909f56bfc062723c751e8b465ee728b)
Start importing Assets/Scripts/TutorialScripts/PannelTransition.cs using Guid(fc15414888b4029468e99cc94e2b0a07) Importer(815301076,1909f56bfc062723c751e8b465ee728b)  -> (artifact id: '7bb75918ba4fb3f28faa37a24402c33b') in 0.002690 seconds
  Import took 0.004221 seconds .

========================================================================
Received Prepare
Registering precompiled user dll's ...
Registered in 0.000650 seconds.
Begin MonoManager ReloadAssembly
Native extension for WindowsStandalone target not found
Refreshing native plugins compatible for Editor in 0.21 ms, found 0 plugins.
Preloading 0 native plugins for Editor in 0.00 ms.
Invoked RoslynAnalysisRunner static constructor.
RoslynAnalysisRunner will not be running.
RoslynAnalysisRunner has terminated.
Mono: successfully reloaded assembly
- Completed reload, in  0.681 seconds
Platform modules already initialized, skipping
Refreshing native plugins compatible for Editor in 0.31 ms, found 0 plugins.
Preloading 0 native plugins for Editor in 0.00 ms.
Unloading 1114 Unused Serialized files (Serialized files now loaded: 0)
System memory in use before: 70.0 MB.
System memory in use after: 70.1 MB.

Unloading 4 unused Assets to reduce memory usage. Loaded Objects now: 1582.
Total: 1.497900 ms (FindLiveObjects: 0.297600 ms CreateObjectMapping: 0.044600 ms MarkObjects: 1.139900 ms  DeleteObjects: 0.014900 ms)

========================================================================
Received Prepare
Registering precompiled user dll's ...
Registered in 0.000942 seconds.
Begin MonoManager ReloadAssembly
Native extension for WindowsStandalone target not found
Refreshing native plugins compatible for Editor in 0.22 ms, found 0 plugins.
Preloading 0 native plugins for Editor in 0.00 ms.
Invoked RoslynAnalysisRunner static constructor.
RoslynAnalysisRunner will not be running.
RoslynAnalysisRunner has terminated.
Mono: successfully reloaded assembly
- Completed reload, in  0.701 seconds
Platform modules already initialized, skipping
Refreshing native plugins compatible for Editor in 0.24 ms, found 0 plugins.
Preloading 0 native plugins for Editor in 0.00 ms.
Unloading 1114 Unused Serialized files (Serialized files now loaded: 0)
System memory in use before: 70.6 MB.
System memory in use after: 70.7 MB.

Unloading 4 unused Assets to reduce memory usage. Loaded Objects now: 1584.
Total: 1.690400 ms (FindLiveObjects: 0.209300 ms CreateObjectMapping: 0.035700 ms MarkObjects: 1.431200 ms  DeleteObjects: 0.012900 ms)

========================================================================
Received Prepare
Registering precompiled user dll's ...
Registered in 0.000860 seconds.
Begin MonoManager ReloadAssembly
Native extension for WindowsStandalone target not found
Refreshing native plugins compatible for Editor in 0.22 ms, found 0 plugins.
Preloading 0 native plugins for Editor in 0.00 ms.
Invoked RoslynAnalysisRunner static constructor.
RoslynAnalysisRunner will not be running.
RoslynAnalysisRunner has terminated.
Mono: successfully reloaded assembly
- Completed reload, in  0.659 seconds
Platform modules already initialized, skipping
Refreshing native plugins compatible for Editor in 0.21 ms, found 0 plugins.
Preloading 0 native plugins for Editor in 0.00 ms.
Unloading 1114 Unused Serialized files (Serialized files now loaded: 0)
System memory in use before: 71.0 MB.
System memory in use after: 71.1 MB.

Unloading 4 unused Assets to reduce memory usage. Loaded Objects now: 1586.
Total: 1.379900 ms (FindLiveObjects: 0.120300 ms CreateObjectMapping: 0.023700 ms MarkObjects: 1.221400 ms  DeleteObjects: 0.013300 ms)

========================================================================
Received Prepare
Registering precompiled user dll's ...
Registered in 0.000703 seconds.
Begin MonoManager ReloadAssembly
Native extension for WindowsStandalone target not found
Refreshing native plugins compatible for Editor in 0.33 ms, found 0 plugins.
Preloading 0 native plugins for Editor in 0.00 ms.
Invoked RoslynAnalysisRunner static constructor.
RoslynAnalysisRunner will not be running.
RoslynAnalysisRunner has terminated.
Mono: successfully reloaded assembly
- Completed reload, in  0.667 seconds
Platform modules already initialized, skipping
Refreshing native plugins compatible for Editor in 0.20 ms, found 0 plugins.
Preloading 0 native plugins for Editor in 0.00 ms.
Unloading 1114 Unused Serialized files (Serialized files now loaded: 0)
System memory in use before: 70.5 MB.
System memory in use after: 70.6 MB.

Unloading 4 unused Assets to reduce memory usage. Loaded Objects now: 1588.
Total: 1.441900 ms (FindLiveObjects: 0.178000 ms CreateObjectMapping: 0.031400 ms MarkObjects: 1.220700 ms  DeleteObjects: 0.010700 ms)

========================================================================
Received Prepare
Registering precompiled user dll's ...
Registered in 0.001043 seconds.
Begin MonoManager ReloadAssembly
Native extension for WindowsStandalone target not found
Refreshing native plugins compatible for Editor in 0.21 ms, found 0 plugins.
Preloading 0 native plugins for Editor in 0.00 ms.
Invoked RoslynAnalysisRunner static constructor.
RoslynAnalysisRunner will not be running.
RoslynAnalysisRunner has terminated.
Mono: successfully reloaded assembly
- Completed reload, in  0.681 seconds
Platform modules already initialized, skipping
Refreshing native plugins compatible for Editor in 0.21 ms, found 0 plugins.
Preloading 0 native plugins for Editor in 0.00 ms.
Unloading 1114 Unused Serialized files (Serialized files now loaded: 0)
System memory in use before: 70.9 MB.
System memory in use after: 71.0 MB.

Unloading 4 unused Assets to reduce memory usage. Loaded Objects now: 1590.
Total: 1.326900 ms (FindLiveObjects: 0.118000 ms CreateObjectMapping: 0.023800 ms MarkObjects: 1.174300 ms  DeleteObjects: 0.010100 ms)

========================================================================
Received Prepare
Registering precompiled user dll's ...
Registered in 0.001226 seconds.
Begin MonoManager ReloadAssembly
Native extension for WindowsStandalone target not found
Refreshing native plugins compatible for Editor in 0.21 ms, found 0 plugins.
Preloading 0 native plugins for Editor in 0.00 ms.
Invoked RoslynAnalysisRunner static constructor.
RoslynAnalysisRunner will not be running.
RoslynAnalysisRunner has terminated.
Mono: successfully reloaded assembly
- Completed reload, in  0.685 seconds
Platform modules already initialized, skipping
Refreshing native plugins compatible for Editor in 0.20 ms, found 0 plugins.
Preloading 0 native plugins for Editor in 0.00 ms.
Unloading 1114 Unused Serialized files (Serialized files now loaded: 0)
System memory in use before: 71.0 MB.
System memory in use after: 71.1 MB.

Unloading 4 unused Assets to reduce memory usage. Loaded Objects now: 1592.
Total: 1.417000 ms (FindLiveObjects: 0.128000 ms CreateObjectMapping: 0.024100 ms MarkObjects: 1.253700 ms  DeleteObjects: 0.010300 ms)

========================================================================
Received Prepare
Registering precompiled user dll's ...
Registered in 0.000849 seconds.
Begin MonoManager ReloadAssembly
Native extension for WindowsStandalone target not found
Refreshing native plugins compatible for Editor in 0.25 ms, found 0 plugins.
Preloading 0 native plugins for Editor in 0.00 ms.
Invoked RoslynAnalysisRunner static constructor.
RoslynAnalysisRunner will not be running.
RoslynAnalysisRunner has terminated.
Mono: successfully reloaded assembly
- Completed reload, in  0.630 seconds
Platform modules already initialized, skipping
Refreshing native plugins compatible for Editor in 0.22 ms, found 0 plugins.
Preloading 0 native plugins for Editor in 0.00 ms.
Unloading 1114 Unused Serialized files (Serialized files now loaded: 0)
System memory in use before: 70.7 MB.
System memory in use after: 70.8 MB.

Unloading 4 unused Assets to reduce memory usage. Loaded Objects now: 1594.
Total: 1.339300 ms (FindLiveObjects: 0.145000 ms CreateObjectMapping: 0.026400 ms MarkObjects: 1.156900 ms  DeleteObjects: 0.009800 ms)

========================================================================
Received Prepare
Registering precompiled user dll's ...
Registered in 0.000707 seconds.
Begin MonoManager ReloadAssembly
Native extension for WindowsStandalone target not found
Refreshing native plugins compatible for Editor in 0.21 ms, found 0 plugins.
Preloading 0 native plugins for Editor in 0.00 ms.
Invoked RoslynAnalysisRunner static constructor.
RoslynAnalysisRunner will not be running.
RoslynAnalysisRunner has terminated.
Mono: successfully reloaded assembly
- Completed reload, in  0.664 seconds
Platform modules already initialized, skipping
Refreshing native plugins compatible for Editor in 0.20 ms, found 0 plugins.
Preloading 0 native plugins for Editor in 0.00 ms.
Unloading 1114 Unused Serialized files (Serialized files now loaded: 0)
System memory in use before: 71.0 MB.
System memory in use after: 71.1 MB.

Unloading 4 unused Assets to reduce memory usage. Loaded Objects now: 1596.
Total: 1.478800 ms (FindLiveObjects: 0.127800 ms CreateObjectMapping: 0.027800 ms MarkObjects: 1.307600 ms  DeleteObjects: 0.014600 ms)

========================================================================
Received Import Request.
  Time since last request: 4289.522782 seconds.
  path: Assets/Scenes/PrimsAlgorithm.unity
  artifactKey: Guid(79b61496cf9157b4f8d56f1bb2113d92) Importer(815301076,1909f56bfc062723c751e8b465ee728b)
Start importing Assets/Scenes/PrimsAlgorithm.unity using Guid(79b61496cf9157b4f8d56f1bb2113d92) Importer(815301076,1909f56bfc062723c751e8b465ee728b)  -> (artifact id: 'd34ccc7c48bc2edb9ca9063fbd1939fe') in 0.011574 seconds
  Import took 0.014112 seconds .

========================================================================
Received Import Request.
  Time since last request: 488.776694 seconds.
  path: Assets/Scenes/DepthSearchFirstTutorial.unity
  artifactKey: Guid(b512a2b48c7dc2348bc53e6b8ab1923f) Importer(815301076,1909f56bfc062723c751e8b465ee728b)
Start importing Assets/Scenes/DepthSearchFirstTutorial.unity using Guid(b512a2b48c7dc2348bc53e6b8ab1923f) Importer(815301076,1909f56bfc062723c751e8b465ee728b)  -> (artifact id: 'fcc76da580ec905cc8b7a735650c1095') in 0.017808 seconds
  Import took 0.020232 seconds .

========================================================================
Received Prepare
Registering precompiled user dll's ...
Registered in 0.000784 seconds.
Begin MonoManager ReloadAssembly
Native extension for WindowsStandalone target not found
Refreshing native plugins compatible for Editor in 0.21 ms, found 0 plugins.
Preloading 0 native plugins for Editor in 0.00 ms.
Invoked RoslynAnalysisRunner static constructor.
RoslynAnalysisRunner will not be running.
RoslynAnalysisRunner has terminated.
Mono: successfully reloaded assembly
- Completed reload, in  0.659 seconds
Platform modules already initialized, skipping
Refreshing native plugins compatible for Editor in 0.38 ms, found 0 plugins.
Preloading 0 native plugins for Editor in 0.00 ms.
Unloading 1114 Unused Serialized files (Serialized files now loaded: 0)
System memory in use before: 70.6 MB.
System memory in use after: 70.7 MB.

Unloading 4 unused Assets to reduce memory usage. Loaded Objects now: 1598.
Total: 1.915800 ms (FindLiveObjects: 0.166600 ms CreateObjectMapping: 0.024700 ms MarkObjects: 1.708300 ms  DeleteObjects: 0.015000 ms)

========================================================================
Received Import Request.
  Time since last request: 22.930327 seconds.
  path: Assets/Scenes/PrimsAlgorithmTutorial.unity
  artifactKey: Guid(ec6ed42dc863cf44894bb891d90b6f43) Importer(815301076,1909f56bfc062723c751e8b465ee728b)
Start importing Assets/Scenes/PrimsAlgorithmTutorial.unity using Guid(ec6ed42dc863cf44894bb891d90b6f43) Importer(815301076,1909f56bfc062723c751e8b465ee728b)  -> (artifact id: '91a91bbb97581bcef68e20040de1ed7f') in 0.012340 seconds
  Import took 0.025107 seconds .

========================================================================
Received Import Request.
  Time since last request: 59.972281 seconds.
  path: Assets/Scenes/DepthSearchFirstTutorial.unity
  artifactKey: Guid(b512a2b48c7dc2348bc53e6b8ab1923f) Importer(815301076,1909f56bfc062723c751e8b465ee728b)
Start importing Assets/Scenes/DepthSearchFirstTutorial.unity using Guid(b512a2b48c7dc2348bc53e6b8ab1923f) Importer(815301076,1909f56bfc062723c751e8b465ee728b)  -> (artifact id: '793263bee1a5a11ee68f7fa84b6bde90') in 0.003676 seconds
  Import took 0.012400 seconds .

========================================================================
Received Prepare
Registering precompiled user dll's ...
Registered in 0.000806 seconds.
Begin MonoManager ReloadAssembly
Native extension for WindowsStandalone target not found
Refreshing native plugins compatible for Editor in 0.23 ms, found 0 plugins.
Preloading 0 native plugins for Editor in 0.00 ms.
Invoked RoslynAnalysisRunner static constructor.
RoslynAnalysisRunner will not be running.
RoslynAnalysisRunner has terminated.
Mono: successfully reloaded assembly
- Completed reload, in  0.761 seconds
Platform modules already initialized, skipping
Refreshing native plugins compatible for Editor in 0.32 ms, found 0 plugins.
Preloading 0 native plugins for Editor in 0.00 ms.
Unloading 1114 Unused Serialized files (Serialized files now loaded: 0)
System memory in use before: 71.0 MB.
System memory in use after: 71.1 MB.

Unloading 4 unused Assets to reduce memory usage. Loaded Objects now: 1600.
Total: 1.962500 ms (FindLiveObjects: 0.161500 ms CreateObjectMapping: 0.028000 ms MarkObjects: 1.755400 ms  DeleteObjects: 0.016600 ms)

========================================================================
Received Import Request.
  Time since last request: 220.811734 seconds.
  path: Assets/Scenes/PrimsAlgorithmTutorial.unity
  artifactKey: Guid(ec6ed42dc863cf44894bb891d90b6f43) Importer(815301076,1909f56bfc062723c751e8b465ee728b)
Start importing Assets/Scenes/PrimsAlgorithmTutorial.unity using Guid(ec6ed42dc863cf44894bb891d90b6f43) Importer(815301076,1909f56bfc062723c751e8b465ee728b)  -> (artifact id: '0d6796727120293fd647f28dd98655e8') in 0.009303 seconds
  Import took 0.019862 seconds .

========================================================================
Received Prepare
Registering precompiled user dll's ...
Registered in 0.000815 seconds.
Begin MonoManager ReloadAssembly
Native extension for WindowsStandalone target not found
Refreshing native plugins compatible for Editor in 0.32 ms, found 0 plugins.
Preloading 0 native plugins for Editor in 0.00 ms.
Invoked RoslynAnalysisRunner static constructor.
RoslynAnalysisRunner will not be running.
RoslynAnalysisRunner has terminated.
Mono: successfully reloaded assembly
- Completed reload, in  0.764 seconds
Platform modules already initialized, skipping
Refreshing native plugins compatible for Editor in 0.33 ms, found 0 plugins.
Preloading 0 native plugins for Editor in 0.00 ms.
Unloading 1114 Unused Serialized files (Serialized files now loaded: 0)
System memory in use before: 71.1 MB.
System memory in use after: 71.2 MB.

Unloading 4 unused Assets to reduce memory usage. Loaded Objects now: 1602.
Total: 1.706000 ms (FindLiveObjects: 0.212700 ms CreateObjectMapping: 0.037100 ms MarkObjects: 1.441900 ms  DeleteObjects: 0.013400 ms)

========================================================================
Received Prepare
Registering precompiled user dll's ...
Registered in 0.000611 seconds.
Begin MonoManager ReloadAssembly
Native extension for WindowsStandalone target not found
Refreshing native plugins compatible for Editor in 0.21 ms, found 0 plugins.
Preloading 0 native plugins for Editor in 0.00 ms.
Invoked RoslynAnalysisRunner static constructor.
RoslynAnalysisRunner will not be running.
RoslynAnalysisRunner has terminated.
Mono: successfully reloaded assembly
- Completed reload, in  0.639 seconds
Platform modules already initialized, skipping
Refreshing native plugins compatible for Editor in 0.33 ms, found 0 plugins.
Preloading 0 native plugins for Editor in 0.00 ms.
Unloading 1114 Unused Serialized files (Serialized files now loaded: 0)
System memory in use before: 70.8 MB.
System memory in use after: 70.9 MB.

Unloading 4 unused Assets to reduce memory usage. Loaded Objects now: 1604.
Total: 2.768600 ms (FindLiveObjects: 0.213400 ms CreateObjectMapping: 0.035100 ms MarkObjects: 2.503000 ms  DeleteObjects: 0.015400 ms)

========================================================================
Received Prepare
Registering precompiled user dll's ...
Registered in 0.000731 seconds.
Begin MonoManager ReloadAssembly
Native extension for WindowsStandalone target not found
Refreshing native plugins compatible for Editor in 0.31 ms, found 0 plugins.
Preloading 0 native plugins for Editor in 0.00 ms.
Invoked RoslynAnalysisRunner static constructor.
RoslynAnalysisRunner will not be running.
RoslynAnalysisRunner has terminated.
Mono: successfully reloaded assembly
- Completed reload, in  0.655 seconds
Platform modules already initialized, skipping
Refreshing native plugins compatible for Editor in 0.24 ms, found 0 plugins.
Preloading 0 native plugins for Editor in 0.00 ms.
Unloading 1114 Unused Serialized files (Serialized files now loaded: 0)
System memory in use before: 71.1 MB.
System memory in use after: 71.2 MB.

Unloading 4 unused Assets to reduce memory usage. Loaded Objects now: 1606.
Total: 2.282400 ms (FindLiveObjects: 0.216600 ms CreateObjectMapping: 0.036900 ms MarkObjects: 1.999300 ms  DeleteObjects: 0.027500 ms)

========================================================================
Received Prepare
Registering precompiled user dll's ...
Registered in 0.000712 seconds.
Begin MonoManager ReloadAssembly
Native extension for WindowsStandalone target not found
Refreshing native plugins compatible for Editor in 0.21 ms, found 0 plugins.
Preloading 0 native plugins for Editor in 0.00 ms.
Invoked RoslynAnalysisRunner static constructor.
RoslynAnalysisRunner will not be running.
RoslynAnalysisRunner has terminated.
Mono: successfully reloaded assembly
- Completed reload, in  0.821 seconds
Platform modules already initialized, skipping
Refreshing native plugins compatible for Editor in 0.37 ms, found 0 plugins.
Preloading 0 native plugins for Editor in 0.00 ms.
Unloading 1114 Unused Serialized files (Serialized files now loaded: 0)
System memory in use before: 70.6 MB.
System memory in use after: 70.7 MB.

Unloading 4 unused Assets to reduce memory usage. Loaded Objects now: 1608.
Total: 2.103100 ms (FindLiveObjects: 0.265900 ms CreateObjectMapping: 0.119500 ms MarkObjects: 1.702900 ms  DeleteObjects: 0.013500 ms)

========================================================================
Received Import Request.
  Time since last request: 6432.081026 seconds.
  path: Assets/Scripts/TutorialScripts/InsertionTutorialScriptObjects.cs
  artifactKey: Guid(e18b1851a17bcec44bbbf74d45b8f435) Importer(815301076,1909f56bfc062723c751e8b465ee728b)
Start importing Assets/Scripts/TutorialScripts/InsertionTutorialScriptObjects.cs using Guid(e18b1851a17bcec44bbbf74d45b8f435) Importer(815301076,1909f56bfc062723c751e8b465ee728b)  -> (artifact id: 'eeaf29d5c4e0a419733a6796bca0ba14') in 0.007017 seconds
  Import took 0.023745 seconds .

========================================================================
Received Prepare
Registering precompiled user dll's ...
Registered in 0.001092 seconds.
Begin MonoManager ReloadAssembly
Native extension for WindowsStandalone target not found
Refreshing native plugins compatible for Editor in 0.36 ms, found 0 plugins.
Preloading 0 native plugins for Editor in 0.00 ms.
Invoked RoslynAnalysisRunner static constructor.
RoslynAnalysisRunner will not be running.
RoslynAnalysisRunner has terminated.
Mono: successfully reloaded assembly
- Completed reload, in  0.719 seconds
Platform modules already initialized, skipping
Refreshing native plugins compatible for Editor in 1.28 ms, found 0 plugins.
Preloading 0 native plugins for Editor in 0.00 ms.
Unloading 1115 Unused Serialized files (Serialized files now loaded: 0)
System memory in use before: 71.1 MB.
System memory in use after: 71.2 MB.

Unloading 4 unused Assets to reduce memory usage. Loaded Objects now: 1611.
Total: 1.952200 ms (FindLiveObjects: 0.328300 ms CreateObjectMapping: 0.031400 ms MarkObjects: 1.570500 ms  DeleteObjects: 0.020400 ms)

========================================================================
Received Prepare
Registering precompiled user dll's ...
Registered in 0.000686 seconds.
Begin MonoManager ReloadAssembly
Native extension for WindowsStandalone target not found
Refreshing native plugins compatible for Editor in 0.21 ms, found 0 plugins.
Preloading 0 native plugins for Editor in 0.00 ms.
Invoked RoslynAnalysisRunner static constructor.
RoslynAnalysisRunner will not be running.
RoslynAnalysisRunner has terminated.
Mono: successfully reloaded assembly
- Completed reload, in  0.646 seconds
Platform modules already initialized, skipping
Refreshing native plugins compatible for Editor in 0.34 ms, found 0 plugins.
Preloading 0 native plugins for Editor in 0.00 ms.
Unloading 1115 Unused Serialized files (Serialized files now loaded: 0)
System memory in use before: 71.1 MB.
System memory in use after: 71.2 MB.

Unloading 4 unused Assets to reduce memory usage. Loaded Objects now: 1613.
Total: 1.744200 ms (FindLiveObjects: 0.161200 ms CreateObjectMapping: 0.026200 ms MarkObjects: 1.536500 ms  DeleteObjects: 0.019200 ms)

========================================================================
Received Prepare
Registering precompiled user dll's ...
Registered in 0.001074 seconds.
Begin MonoManager ReloadAssembly
Native extension for WindowsStandalone target not found
Refreshing native plugins compatible for Editor in 0.24 ms, found 0 plugins.
Preloading 0 native plugins for Editor in 0.00 ms.
Invoked RoslynAnalysisRunner static constructor.
RoslynAnalysisRunner will not be running.
RoslynAnalysisRunner has terminated.
Mono: successfully reloaded assembly
- Completed reload, in  0.678 seconds
Platform modules already initialized, skipping
Refreshing native plugins compatible for Editor in 0.20 ms, found 0 plugins.
Preloading 0 native plugins for Editor in 0.00 ms.
Unloading 1115 Unused Serialized files (Serialized files now loaded: 0)
System memory in use before: 70.9 MB.
System memory in use after: 71.0 MB.

Unloading 4 unused Assets to reduce memory usage. Loaded Objects now: 1615.
Total: 1.370200 ms (FindLiveObjects: 0.164700 ms CreateObjectMapping: 0.033400 ms MarkObjects: 1.160700 ms  DeleteObjects: 0.010600 ms)

========================================================================
Received Import Request.
  Time since last request: 396.615660 seconds.
  path: Assets/Materials/DFSAlgorithm/TutorialMaterial.mat
  artifactKey: Guid(90d7535873d804e42bd8aa388f1bec9c) Importer(815301076,1909f56bfc062723c751e8b465ee728b)
Start importing Assets/Materials/DFSAlgorithm/TutorialMaterial.mat using Guid(90d7535873d804e42bd8aa388f1bec9c) Importer(815301076,1909f56bfc062723c751e8b465ee728b)  -> (artifact id: 'c2a35857d433ee8fb42fcee967047703') in 0.292296 seconds
  Import took 0.310283 seconds .

========================================================================
Received Import Request.
  Time since last request: 0.002164 seconds.
  path: Assets/Materials/DFSAlgorithm/TutorialMaterial.mat
  artifactKey: Guid(90d7535873d804e42bd8aa388f1bec9c) Importer(815301076,1909f56bfc062723c751e8b465ee728b)
Start importing Assets/Materials/DFSAlgorithm/TutorialMaterial.mat using Guid(90d7535873d804e42bd8aa388f1bec9c) Importer(815301076,1909f56bfc062723c751e8b465ee728b)  -> (artifact id: 'c2a35857d433ee8fb42fcee967047703') in 0.009852 seconds
  Import took 0.011888 seconds .

========================================================================
Received Prepare
Registering precompiled user dll's ...
Registered in 0.000684 seconds.
Begin MonoManager ReloadAssembly
Native extension for WindowsStandalone target not found
Refreshing native plugins compatible for Editor in 0.26 ms, found 0 plugins.
Preloading 0 native plugins for Editor in 0.00 ms.
Invoked RoslynAnalysisRunner static constructor.
RoslynAnalysisRunner will not be running.
RoslynAnalysisRunner has terminated.
Mono: successfully reloaded assembly
- Completed reload, in  0.649 seconds
Platform modules already initialized, skipping
Refreshing native plugins compatible for Editor in 0.25 ms, found 0 plugins.
Preloading 0 native plugins for Editor in 0.00 ms.
Unloading 1115 Unused Serialized files (Serialized files now loaded: 0)
System memory in use before: 74.4 MB.
System memory in use after: 74.5 MB.

Unloading 4 unused Assets to reduce memory usage. Loaded Objects now: 1657.
Total: 1.935300 ms (FindLiveObjects: 0.218900 ms CreateObjectMapping: 0.036900 ms MarkObjects: 1.664900 ms  DeleteObjects: 0.013600 ms)

========================================================================
Received Import Request.
  Time since last request: 212.053978 seconds.
  path: Assets/Scripts/TutorialScripts/InsertionAlgorithScriptTutorial.cs
  artifactKey: Guid(fb162fa0f446c854888769c409b9cbc4) Importer(815301076,1909f56bfc062723c751e8b465ee728b)
Start importing Assets/Scripts/TutorialScripts/InsertionAlgorithScriptTutorial.cs using Guid(fb162fa0f446c854888769c409b9cbc4) Importer(815301076,1909f56bfc062723c751e8b465ee728b)  -> (artifact id: '74bf516b65948eca1814503f7ee76018') in 0.014239 seconds
  Import took 0.016784 seconds .

========================================================================
Received Import Request.
  Time since last request: 2.416704 seconds.
  path: Assets/Scripts/TutorialScripts/InsertionTutorialScriptObjects.cs
  artifactKey: Guid(e18b1851a17bcec44bbbf74d45b8f435) Importer(815301076,1909f56bfc062723c751e8b465ee728b)
Start importing Assets/Scripts/TutorialScripts/InsertionTutorialScriptObjects.cs using Guid(e18b1851a17bcec44bbbf74d45b8f435) Importer(815301076,1909f56bfc062723c751e8b465ee728b)  -> (artifact id: '7151d8dd87ee0306b2026e221e3cb10a') in 0.002064 seconds
  Import took 0.010894 seconds .

========================================================================
Received Import Request.
  Time since last request: 0.020345 seconds.
  path: Assets/Scripts/TutorialScripts/InsertionTutorialScriptObjects.cs
  artifactKey: Guid(e18b1851a17bcec44bbbf74d45b8f435) Importer(815301076,1909f56bfc062723c751e8b465ee728b)
Start importing Assets/Scripts/TutorialScripts/InsertionTutorialScriptObjects.cs using Guid(e18b1851a17bcec44bbbf74d45b8f435) Importer(815301076,1909f56bfc062723c751e8b465ee728b)  -> (artifact id: '7151d8dd87ee0306b2026e221e3cb10a') in 0.002883 seconds
  Import took 0.005405 seconds .

========================================================================
Received Prepare
Registering precompiled user dll's ...
Registered in 0.000663 seconds.
Begin MonoManager ReloadAssembly
Native extension for WindowsStandalone target not found
Refreshing native plugins compatible for Editor in 0.22 ms, found 0 plugins.
Preloading 0 native plugins for Editor in 0.00 ms.
Invoked RoslynAnalysisRunner static constructor.
RoslynAnalysisRunner will not be running.
RoslynAnalysisRunner has terminated.
Mono: successfully reloaded assembly
- Completed reload, in  0.678 seconds
Platform modules already initialized, skipping
Refreshing native plugins compatible for Editor in 0.23 ms, found 0 plugins.
Preloading 0 native plugins for Editor in 0.00 ms.
Unloading 1116 Unused Serialized files (Serialized files now loaded: 0)
System memory in use before: 74.1 MB.
System memory in use after: 74.2 MB.

Unloading 4 unused Assets to reduce memory usage. Loaded Objects now: 1660.
Total: 1.355100 ms (FindLiveObjects: 0.138000 ms CreateObjectMapping: 0.024800 ms MarkObjects: 1.180600 ms  DeleteObjects: 0.010700 ms)

========================================================================
Received Import Request.
  Time since last request: 24.179161 seconds.
  path: Assets/Scripts/InsertionAlgorithmScripts/SpawnObjects.cs
  artifactKey: Guid(866e6b1c54a671a44a30bfa4fdff2d5e) Importer(815301076,1909f56bfc062723c751e8b465ee728b)
Start importing Assets/Scripts/InsertionAlgorithmScripts/SpawnObjects.cs using Guid(866e6b1c54a671a44a30bfa4fdff2d5e) Importer(815301076,1909f56bfc062723c751e8b465ee728b)  -> (artifact id: '1a35d6989b276e1e4d7419aeea6a8416') in 0.025121 seconds
  Import took 0.040031 seconds .

========================================================================
Received Prepare
Registering precompiled user dll's ...
Registered in 0.001055 seconds.
Begin MonoManager ReloadAssembly
Native extension for WindowsStandalone target not found
Refreshing native plugins compatible for Editor in 0.21 ms, found 0 plugins.
Preloading 0 native plugins for Editor in 0.00 ms.
Invoked RoslynAnalysisRunner static constructor.
RoslynAnalysisRunner will not be running.
RoslynAnalysisRunner has terminated.
Mono: successfully reloaded assembly
- Completed reload, in  0.681 seconds
Platform modules already initialized, skipping
Refreshing native plugins compatible for Editor in 0.21 ms, found 0 plugins.
Preloading 0 native plugins for Editor in 0.00 ms.
Unloading 1116 Unused Serialized files (Serialized files now loaded: 0)
System memory in use before: 74.5 MB.
System memory in use after: 74.6 MB.

Unloading 4 unused Assets to reduce memory usage. Loaded Objects now: 1662.
Total: 1.500900 ms (FindLiveObjects: 0.168500 ms CreateObjectMapping: 0.034700 ms MarkObjects: 1.286400 ms  DeleteObjects: 0.009900 ms)

========================================================================
Received Prepare
Registering precompiled user dll's ...
Registered in 0.001105 seconds.
Begin MonoManager ReloadAssembly
Native extension for WindowsStandalone target not found
Refreshing native plugins compatible for Editor in 0.26 ms, found 0 plugins.
Preloading 0 native plugins for Editor in 0.00 ms.
Invoked RoslynAnalysisRunner static constructor.
RoslynAnalysisRunner will not be running.
RoslynAnalysisRunner has terminated.
Mono: successfully reloaded assembly
- Completed reload, in  0.660 seconds
Platform modules already initialized, skipping
Refreshing native plugins compatible for Editor in 0.20 ms, found 0 plugins.
Preloading 0 native plugins for Editor in 0.00 ms.
Unloading 1116 Unused Serialized files (Serialized files now loaded: 0)
System memory in use before: 73.9 MB.
System memory in use after: 74.0 MB.

Unloading 4 unused Assets to reduce memory usage. Loaded Objects now: 1664.
Total: 1.434300 ms (FindLiveObjects: 0.160600 ms CreateObjectMapping: 0.035000 ms MarkObjects: 1.228200 ms  DeleteObjects: 0.009700 ms)

========================================================================
Received Prepare
Registering precompiled user dll's ...
Registered in 0.000771 seconds.
Begin MonoManager ReloadAssembly
Native extension for WindowsStandalone target not found
Refreshing native plugins compatible for Editor in 0.75 ms, found 0 plugins.
Preloading 0 native plugins for Editor in 0.00 ms.
Invoked RoslynAnalysisRunner static constructor.
RoslynAnalysisRunner will not be running.
RoslynAnalysisRunner has terminated.
Mono: successfully reloaded assembly
- Completed reload, in  0.792 seconds
Platform modules already initialized, skipping
Refreshing native plugins compatible for Editor in 0.25 ms, found 0 plugins.
Preloading 0 native plugins for Editor in 0.00 ms.
Unloading 1116 Unused Serialized files (Serialized files now loaded: 0)
System memory in use before: 74.3 MB.
System memory in use after: 74.4 MB.

Unloading 4 unused Assets to reduce memory usage. Loaded Objects now: 1666.
Total: 1.871700 ms (FindLiveObjects: 0.193000 ms CreateObjectMapping: 0.026000 ms MarkObjects: 1.638200 ms  DeleteObjects: 0.013700 ms)

========================================================================
Received Prepare
Registering precompiled user dll's ...
Registered in 0.000740 seconds.
Begin MonoManager ReloadAssembly
Native extension for WindowsStandalone target not found
Refreshing native plugins compatible for Editor in 0.24 ms, found 0 plugins.
Preloading 0 native plugins for Editor in 0.00 ms.
Invoked RoslynAnalysisRunner static constructor.
RoslynAnalysisRunner will not be running.
RoslynAnalysisRunner has terminated.
Mono: successfully reloaded assembly
- Completed reload, in  0.645 seconds
Platform modules already initialized, skipping
Refreshing native plugins compatible for Editor in 0.22 ms, found 0 plugins.
Preloading 0 native plugins for Editor in 0.00 ms.
Unloading 1116 Unused Serialized files (Serialized files now loaded: 0)
System memory in use before: 74.5 MB.
System memory in use after: 74.6 MB.

Unloading 4 unused Assets to reduce memory usage. Loaded Objects now: 1668.
Total: 1.578000 ms (FindLiveObjects: 0.222100 ms CreateObjectMapping: 0.025900 ms MarkObjects: 1.317000 ms  DeleteObjects: 0.011800 ms)

========================================================================
Received Prepare
Registering precompiled user dll's ...
Registered in 0.001145 seconds.
Begin MonoManager ReloadAssembly
Native extension for WindowsStandalone target not found
Refreshing native plugins compatible for Editor in 0.21 ms, found 0 plugins.
Preloading 0 native plugins for Editor in 0.00 ms.
Invoked RoslynAnalysisRunner static constructor.
RoslynAnalysisRunner will not be running.
RoslynAnalysisRunner has terminated.
Mono: successfully reloaded assembly
- Completed reload, in  0.655 seconds
Platform modules already initialized, skipping
Refreshing native plugins compatible for Editor in 0.22 ms, found 0 plugins.
Preloading 0 native plugins for Editor in 0.00 ms.
Unloading 1116 Unused Serialized files (Serialized files now loaded: 0)
System memory in use before: 74.1 MB.
System memory in use after: 74.2 MB.

Unloading 4 unused Assets to reduce memory usage. Loaded Objects now: 1670.
Total: 1.608200 ms (FindLiveObjects: 0.179100 ms CreateObjectMapping: 0.025900 ms MarkObjects: 1.389400 ms  DeleteObjects: 0.012800 ms)

========================================================================
Received Prepare
Registering precompiled user dll's ...
Registered in 0.000705 seconds.
Begin MonoManager ReloadAssembly
Native extension for WindowsStandalone target not found
Refreshing native plugins compatible for Editor in 0.21 ms, found 0 plugins.
Preloading 0 native plugins for Editor in 0.00 ms.
Invoked RoslynAnalysisRunner static constructor.
RoslynAnalysisRunner will not be running.
RoslynAnalysisRunner has terminated.
Mono: successfully reloaded assembly
- Completed reload, in  0.655 seconds
Platform modules already initialized, skipping
Refreshing native plugins compatible for Editor in 0.22 ms, found 0 plugins.
Preloading 0 native plugins for Editor in 0.00 ms.
Unloading 1116 Unused Serialized files (Serialized files now loaded: 0)
System memory in use before: 74.5 MB.
System memory in use after: 74.6 MB.

Unloading 4 unused Assets to reduce memory usage. Loaded Objects now: 1672.
Total: 1.590500 ms (FindLiveObjects: 0.168900 ms CreateObjectMapping: 0.025500 ms MarkObjects: 1.382700 ms  DeleteObjects: 0.012300 ms)

========================================================================
Received Prepare
Registering precompiled user dll's ...
Registered in 0.000636 seconds.
Begin MonoManager ReloadAssembly
Native extension for WindowsStandalone target not found
Refreshing native plugins compatible for Editor in 0.21 ms, found 0 plugins.
Preloading 0 native plugins for Editor in 0.00 ms.
Invoked RoslynAnalysisRunner static constructor.
RoslynAnalysisRunner will not be running.
RoslynAnalysisRunner has terminated.
Mono: successfully reloaded assembly
- Completed reload, in  0.690 seconds
Platform modules already initialized, skipping
Refreshing native plugins compatible for Editor in 0.28 ms, found 0 plugins.
Preloading 0 native plugins for Editor in 0.00 ms.
Unloading 1116 Unused Serialized files (Serialized files now loaded: 0)
System memory in use before: 74.0 MB.
System memory in use after: 74.1 MB.

Unloading 4 unused Assets to reduce memory usage. Loaded Objects now: 1674.
Total: 1.856000 ms (FindLiveObjects: 0.221100 ms CreateObjectMapping: 0.038100 ms MarkObjects: 1.580900 ms  DeleteObjects: 0.015000 ms)

========================================================================
Received Prepare
Registering precompiled user dll's ...
Registered in 0.000598 seconds.
Begin MonoManager ReloadAssembly
Native extension for WindowsStandalone target not found
Refreshing native plugins compatible for Editor in 0.34 ms, found 0 plugins.
Preloading 0 native plugins for Editor in 0.00 ms.
Invoked RoslynAnalysisRunner static constructor.
RoslynAnalysisRunner will not be running.
RoslynAnalysisRunner has terminated.
Mono: successfully reloaded assembly
- Completed reload, in  0.650 seconds
Platform modules already initialized, skipping
Refreshing native plugins compatible for Editor in 0.26 ms, found 0 plugins.
Preloading 0 native plugins for Editor in 0.00 ms.
Unloading 1116 Unused Serialized files (Serialized files now loaded: 0)
System memory in use before: 74.4 MB.
System memory in use after: 74.5 MB.

Unloading 4 unused Assets to reduce memory usage. Loaded Objects now: 1676.
Total: 2.319800 ms (FindLiveObjects: 0.316300 ms CreateObjectMapping: 0.032700 ms MarkObjects: 1.951600 ms  DeleteObjects: 0.017400 ms)

========================================================================
Received Prepare
Registering precompiled user dll's ...
Registered in 0.000643 seconds.
Begin MonoManager ReloadAssembly
Native extension for WindowsStandalone target not found
Refreshing native plugins compatible for Editor in 0.22 ms, found 0 plugins.
Preloading 0 native plugins for Editor in 0.00 ms.
Invoked RoslynAnalysisRunner static constructor.
RoslynAnalysisRunner will not be running.
RoslynAnalysisRunner has terminated.
Mono: successfully reloaded assembly
- Completed reload, in  0.692 seconds
Platform modules already initialized, skipping
Refreshing native plugins compatible for Editor in 0.26 ms, found 0 plugins.
Preloading 0 native plugins for Editor in 0.00 ms.
Unloading 1116 Unused Serialized files (Serialized files now loaded: 0)
System memory in use before: 74.5 MB.
System memory in use after: 74.6 MB.

Unloading 4 unused Assets to reduce memory usage. Loaded Objects now: 1678.
Total: 1.985000 ms (FindLiveObjects: 0.295300 ms CreateObjectMapping: 0.039500 ms MarkObjects: 1.633200 ms  DeleteObjects: 0.015900 ms)

========================================================================
Received Prepare
Registering precompiled user dll's ...
Registered in 0.000706 seconds.
Begin MonoManager ReloadAssembly
Native extension for WindowsStandalone target not found
Refreshing native plugins compatible for Editor in 0.21 ms, found 0 plugins.
Preloading 0 native plugins for Editor in 0.00 ms.
Invoked RoslynAnalysisRunner static constructor.
RoslynAnalysisRunner will not be running.
RoslynAnalysisRunner has terminated.
Mono: successfully reloaded assembly
- Completed reload, in  0.652 seconds
Platform modules already initialized, skipping
Refreshing native plugins compatible for Editor in 0.27 ms, found 0 plugins.
Preloading 0 native plugins for Editor in 0.00 ms.
Unloading 1116 Unused Serialized files (Serialized files now loaded: 0)
System memory in use before: 74.2 MB.
System memory in use after: 74.3 MB.

Unloading 4 unused Assets to reduce memory usage. Loaded Objects now: 1680.
Total: 2.010100 ms (FindLiveObjects: 0.223800 ms CreateObjectMapping: 0.036800 ms MarkObjects: 1.725400 ms  DeleteObjects: 0.022800 ms)

========================================================================
Received Prepare
Registering precompiled user dll's ...
Registered in 0.000658 seconds.
Begin MonoManager ReloadAssembly
Native extension for WindowsStandalone target not found
Refreshing native plugins compatible for Editor in 0.22 ms, found 0 plugins.
Preloading 0 native plugins for Editor in 0.00 ms.
Invoked RoslynAnalysisRunner static constructor.
RoslynAnalysisRunner will not be running.
RoslynAnalysisRunner has terminated.
Mono: successfully reloaded assembly
- Completed reload, in  0.681 seconds
Platform modules already initialized, skipping
Refreshing native plugins compatible for Editor in 0.22 ms, found 0 plugins.
Preloading 0 native plugins for Editor in 0.00 ms.
Unloading 1116 Unused Serialized files (Serialized files now loaded: 0)
System memory in use before: 74.5 MB.
System memory in use after: 74.6 MB.

Unloading 4 unused Assets to reduce memory usage. Loaded Objects now: 1682.
Total: 2.120400 ms (FindLiveObjects: 0.229700 ms CreateObjectMapping: 0.042600 ms MarkObjects: 1.831500 ms  DeleteObjects: 0.015400 ms)

========================================================================
Received Prepare
Registering precompiled user dll's ...
Registered in 0.001082 seconds.
Begin MonoManager ReloadAssembly
Native extension for WindowsStandalone target not found
Refreshing native plugins compatible for Editor in 0.21 ms, found 0 plugins.
Preloading 0 native plugins for Editor in 0.00 ms.
Invoked RoslynAnalysisRunner static constructor.
RoslynAnalysisRunner will not be running.
RoslynAnalysisRunner has terminated.
Mono: successfully reloaded assembly
- Completed reload, in  0.667 seconds
Platform modules already initialized, skipping
Refreshing native plugins compatible for Editor in 0.22 ms, found 0 plugins.
Preloading 0 native plugins for Editor in 0.00 ms.
Unloading 1116 Unused Serialized files (Serialized files now loaded: 0)
System memory in use before: 74.1 MB.
System memory in use after: 74.2 MB.

Unloading 4 unused Assets to reduce memory usage. Loaded Objects now: 1684.
Total: 1.771600 ms (FindLiveObjects: 0.171500 ms CreateObjectMapping: 0.024700 ms MarkObjects: 1.560900 ms  DeleteObjects: 0.013200 ms)

========================================================================
Received Prepare
Registering precompiled user dll's ...
Registered in 0.000681 seconds.
Begin MonoManager ReloadAssembly
Native extension for WindowsStandalone target not found
Refreshing native plugins compatible for Editor in 0.22 ms, found 0 plugins.
Preloading 0 native plugins for Editor in 0.00 ms.
Invoked RoslynAnalysisRunner static constructor.
RoslynAnalysisRunner will not be running.
RoslynAnalysisRunner has terminated.
Mono: successfully reloaded assembly
- Completed reload, in  0.649 seconds
Platform modules already initialized, skipping
Refreshing native plugins compatible for Editor in 0.21 ms, found 0 plugins.
Preloading 0 native plugins for Editor in 0.00 ms.
Unloading 1116 Unused Serialized files (Serialized files now loaded: 0)
System memory in use before: 74.5 MB.
System memory in use after: 74.6 MB.

Unloading 4 unused Assets to reduce memory usage. Loaded Objects now: 1686.
Total: 2.165100 ms (FindLiveObjects: 0.200200 ms CreateObjectMapping: 0.037400 ms MarkObjects: 1.910500 ms  DeleteObjects: 0.015700 ms)

========================================================================
Received Prepare
Registering precompiled user dll's ...
Registered in 0.000777 seconds.
Begin MonoManager ReloadAssembly
Native extension for WindowsStandalone target not found
Refreshing native plugins compatible for Editor in 0.22 ms, found 0 plugins.
Preloading 0 native plugins for Editor in 0.00 ms.
Invoked RoslynAnalysisRunner static constructor.
RoslynAnalysisRunner will not be running.
RoslynAnalysisRunner has terminated.
Mono: successfully reloaded assembly
- Completed reload, in  0.685 seconds
Platform modules already initialized, skipping
Refreshing native plugins compatible for Editor in 0.21 ms, found 0 plugins.
Preloading 0 native plugins for Editor in 0.00 ms.
Unloading 1116 Unused Serialized files (Serialized files now loaded: 0)
System memory in use before: 74.5 MB.
System memory in use after: 74.6 MB.

Unloading 4 unused Assets to reduce memory usage. Loaded Objects now: 1688.
Total: 1.778800 ms (FindLiveObjects: 0.163800 ms CreateObjectMapping: 0.026100 ms MarkObjects: 1.567600 ms  DeleteObjects: 0.019900 ms)

AssetImportWorkerClient::OnTransportError - code=2 error=End of file
